2022-03-02 15:55:23.114  INFO 21924 --- [restartedMain] c.c.c.ConfigServicePropertySourceLocator : Fetching config from server at : http://localhost:9002
2022-03-02 15:55:23.389  INFO 21924 --- [restartedMain] c.c.c.ConfigServicePropertySourceLocator : Located environment: name=auth-ws, profiles=[default], label=null, version=null, state=null
2022-03-02 15:55:23.390  INFO 21924 --- [restartedMain] b.c.PropertySourceBootstrapConfiguration : Located property source: [BootstrapPropertySource {name='bootstrapProperties-configClient'}]
2022-03-02 15:55:23.411  INFO 21924 --- [restartedMain] com.sean.auth.AuthApplicationKt          : The following profiles are active: dev
2022-03-02 15:55:24.545  INFO 21924 --- [restartedMain] .s.d.r.c.RepositoryConfigurationDelegate : Bootstrapping Spring Data JPA repositories in DEFAULT mode.
2022-03-02 15:55:24.751  INFO 21924 --- [restartedMain] .s.d.r.c.RepositoryConfigurationDelegate : Finished Spring Data repository scanning in 197 ms. Found 5 JPA repository interfaces.
2022-03-02 15:55:26.178  INFO 21924 --- [restartedMain] faultConfiguringBeanFactoryPostProcessor : No bean named 'errorChannel' has been explicitly defined. Therefore, a default PublishSubscribeChannel will be created.
2022-03-02 15:55:26.198  INFO 21924 --- [restartedMain] faultConfiguringBeanFactoryPostProcessor : No bean named 'integrationHeaderChannelRegistry' has been explicitly defined. Therefore, a default DefaultHeaderChannelRegistry will be created.
2022-03-02 15:55:26.374  INFO 21924 --- [restartedMain] o.s.cloud.context.scope.GenericScope     : BeanFactory id=a6507bb1-338c-327d-b538-3e54f7959f8f
2022-03-02 15:55:26.896  INFO 21924 --- [restartedMain] trationDelegate$BeanPostProcessorChecker : Bean 'org.springframework.cloud.stream.config.BindersHealthIndicatorAutoConfiguration' of type [org.springframework.cloud.stream.config.BindersHealthIndicatorAutoConfiguration] is not eligible for getting processed by all BeanPostProcessors (for example: not eligible for auto-proxying)
2022-03-02 15:55:26.904  INFO 21924 --- [restartedMain] trationDelegate$BeanPostProcessorChecker : Bean 'bindersHealthContributor' of type [org.springframework.cloud.stream.config.BindersHealthIndicatorAutoConfiguration$BindersHealthContributor] is not eligible for getting processed by all BeanPostProcessors (for example: not eligible for auto-proxying)
2022-03-02 15:55:26.918  INFO 21924 --- [restartedMain] trationDelegate$BeanPostProcessorChecker : Bean 'bindersHealthIndicatorListener' of type [org.springframework.cloud.stream.config.BindersHealthIndicatorAutoConfiguration$BindersHealthIndicatorListener] is not eligible for getting processed by all BeanPostProcessors (for example: not eligible for auto-proxying)
2022-03-02 15:55:26.954  INFO 21924 --- [restartedMain] trationDelegate$BeanPostProcessorChecker : Bean 'org.springframework.integration.config.IntegrationManagementConfiguration' of type [org.springframework.integration.config.IntegrationManagementConfiguration] is not eligible for getting processed by all BeanPostProcessors (for example: not eligible for auto-proxying)
2022-03-02 15:55:26.987  INFO 21924 --- [restartedMain] trationDelegate$BeanPostProcessorChecker : Bean 'integrationChannelResolver' of type [org.springframework.integration.support.channel.BeanFactoryChannelResolver] is not eligible for getting processed by all BeanPostProcessors (for example: not eligible for auto-proxying)
2022-03-02 15:55:27.902  INFO 21924 --- [restartedMain] o.s.b.w.embedded.tomcat.TomcatWebServer  : Tomcat initialized with port(s): 9003 (http)
2022-03-02 15:55:27.915  INFO 21924 --- [restartedMain] o.apache.catalina.core.StandardService   : Starting service [Tomcat]
2022-03-02 15:55:27.915  INFO 21924 --- [restartedMain] org.apache.catalina.core.StandardEngine  : Starting Servlet engine: [Apache Tomcat/9.0.56]
2022-03-02 15:55:28.030  INFO 21924 --- [restartedMain] o.a.c.c.C.[Tomcat].[localhost].[/]       : Initializing Spring embedded WebApplicationContext
2022-03-02 15:55:28.030  INFO 21924 --- [restartedMain] w.s.c.ServletWebServerApplicationContext : Root WebApplicationContext: initialization completed in 4584 ms
2022-03-02 15:55:28.610  INFO 21924 --- [restartedMain] o.hibernate.jpa.internal.util.LogHelper  : HHH000204: Processing PersistenceUnitInfo [name: default]
2022-03-02 15:55:28.707  INFO 21924 --- [restartedMain] org.hibernate.Version                    : HHH000412: Hibernate ORM core version 5.6.4.Final
2022-03-02 15:55:28.987  INFO 21924 --- [restartedMain] o.hibernate.annotations.common.Version   : HCANN000001: Hibernate Commons Annotations {5.1.2.Final}
2022-03-02 15:55:29.209  INFO 21924 --- [restartedMain] com.zaxxer.hikari.HikariDataSource       : HikariPool-1 - Starting...
2022-03-02 15:55:29.599  INFO 21924 --- [restartedMain] com.zaxxer.hikari.HikariDataSource       : HikariPool-1 - Start completed.
2022-03-02 15:55:29.630  INFO 21924 --- [restartedMain] org.hibernate.dialect.Dialect            : HHH000400: Using dialect: org.hibernate.dialect.MySQL8Dialect
2022-03-02 15:55:30.391  INFO 21924 --- [restartedMain] o.h.e.t.j.p.i.JtaPlatformInitiator       : HHH000490: Using JtaPlatform implementation: [org.hibernate.engine.transaction.jta.platform.internal.NoJtaPlatform]
2022-03-02 15:55:30.399  INFO 21924 --- [restartedMain] j.LocalContainerEntityManagerFactoryBean : Initialized JPA EntityManagerFactory for persistence unit 'default'
2022-03-02 15:55:31.725  WARN 21924 --- [restartedMain] JpaBaseConfiguration$JpaWebConfiguration : spring.jpa.open-in-view is enabled by default. Therefore, database queries may be performed during view rendering. Explicitly configure spring.jpa.open-in-view to disable this warning
2022-03-02 15:55:32.044  INFO 21924 --- [restartedMain] o.s.b.d.a.OptionalLiveReloadServer       : LiveReload server is running on port 35729
2022-03-02 15:55:32.144  INFO 21924 --- [restartedMain] o.s.c.openfeign.FeignClientFactoryBean   : For 'user-ws' URL not provided. Will try picking an instance via load-balancing.
2022-03-02 15:55:32.970  INFO 21924 --- [restartedMain] o.s.s.web.DefaultSecurityFilterChain     : Will secure Ant [pattern='/user/register', POST] with []
2022-03-02 15:55:32.970  INFO 21924 --- [restartedMain] o.s.s.web.DefaultSecurityFilterChain     : Will secure Ant [pattern='/user/refreshToken', GET] with []
2022-03-02 15:55:32.970  INFO 21924 --- [restartedMain] o.s.s.web.DefaultSecurityFilterChain     : Will secure Ant [pattern='/monitoring/endpoints', GET] with []
2022-03-02 15:55:33.042  INFO 21924 --- [restartedMain] o.s.s.web.DefaultSecurityFilterChain     : Will secure any request with [org.springframework.security.web.context.request.async.WebAsyncManagerIntegrationFilter@8f262cc, org.springframework.security.web.context.SecurityContextPersistenceFilter@529422a3, org.springframework.security.web.header.HeaderWriterFilter@628ad052, org.springframework.security.web.authentication.logout.LogoutFilter@793b0e23, com.sean.auth.config.security.AuthorizationFilter@4d7d967b, com.sean.auth.config.security.AuthenticationFilter@67a26016, org.springframework.security.web.savedrequest.RequestCacheAwareFilter@17b6a52f, org.springframework.security.web.servletapi.SecurityContextHolderAwareRequestFilter@3d019aa9, org.springframework.security.web.authentication.AnonymousAuthenticationFilter@75270320, org.springframework.security.web.session.SessionManagementFilter@6efa366d, org.springframework.security.web.access.ExceptionTranslationFilter@33498be0, org.springframework.security.web.access.intercept.FilterSecurityInterceptor@71644a1c]
2022-03-02 15:55:35.537  INFO 21924 --- [restartedMain] o.s.cloud.commons.util.InetUtils         : Cannot determine local hostname
2022-03-02 15:55:35.984  INFO 21924 --- [restartedMain] o.s.c.s.m.DirectWithAttributesChannel    : Channel 'application-1.springCloudBusInput' has 1 subscriber(s).
2022-03-02 15:55:37.643  INFO 21924 --- [restartedMain] o.s.cloud.commons.util.InetUtils         : Cannot determine local hostname
2022-03-02 15:55:37.666  INFO 21924 --- [restartedMain] DiscoveryClientOptionalArgsConfiguration : Eureka HTTP Client uses RestTemplate.
2022-03-02 15:55:37.826  WARN 21924 --- [restartedMain] iguration$LoadBalancerCaffeineWarnLogger : Spring Cloud LoadBalancer is currently working with the default cache. You can switch to using Caffeine cache, by adding it and org.springframework.cache.caffeine.CaffeineCacheManager to the classpath.
2022-03-02 15:55:37.857  INFO 21924 --- [restartedMain] o.s.b.a.e.web.EndpointLinksResolver      : Exposing 1 endpoint(s) beneath base path '/actuator'
2022-03-02 15:55:38.116  INFO 21924 --- [restartedMain] o.s.i.endpoint.EventDrivenConsumer       : Adding {logging-channel-adapter:_org.springframework.integration.errorLogger} as a subscriber to the 'errorChannel' channel
2022-03-02 15:55:38.116  INFO 21924 --- [restartedMain] o.s.i.channel.PublishSubscribeChannel    : Channel 'application-1.errorChannel' has 1 subscriber(s).
2022-03-02 15:55:38.117  INFO 21924 --- [restartedMain] o.s.i.endpoint.EventDrivenConsumer       : started bean '_org.springframework.integration.errorLogger'
2022-03-02 15:55:38.131  INFO 21924 --- [restartedMain] o.s.c.n.eureka.InstanceInfoFactory       : Setting initial instance status as: STARTING
2022-03-02 15:55:38.227  INFO 21924 --- [restartedMain] com.netflix.discovery.DiscoveryClient    : Initializing Eureka in region us-east-1
2022-03-02 15:55:38.232  INFO 21924 --- [restartedMain] c.n.d.s.r.aws.ConfigClusterResolver      : Resolving eureka endpoints via configuration
2022-03-02 15:55:38.257  INFO 21924 --- [restartedMain] com.netflix.discovery.DiscoveryClient    : Disable delta property : false
2022-03-02 15:55:38.258  INFO 21924 --- [restartedMain] com.netflix.discovery.DiscoveryClient    : Single vip registry refresh property : null
2022-03-02 15:55:38.258  INFO 21924 --- [restartedMain] com.netflix.discovery.DiscoveryClient    : Force full registry fetch : false
2022-03-02 15:55:38.258  INFO 21924 --- [restartedMain] com.netflix.discovery.DiscoveryClient    : Application is null : false
2022-03-02 15:55:38.258  INFO 21924 --- [restartedMain] com.netflix.discovery.DiscoveryClient    : Registered Applications size is zero : true
2022-03-02 15:55:38.258  INFO 21924 --- [restartedMain] com.netflix.discovery.DiscoveryClient    : Application version is -1: true
2022-03-02 15:55:38.258  INFO 21924 --- [restartedMain] com.netflix.discovery.DiscoveryClient    : Getting all instance registry info from the eureka server
2022-03-02 15:55:38.426  INFO 21924 --- [restartedMain] com.netflix.discovery.DiscoveryClient    : The response status is 200
2022-03-02 15:55:38.428  INFO 21924 --- [restartedMain] com.netflix.discovery.DiscoveryClient    : Starting heartbeat executor: renew interval is: 30
2022-03-02 15:55:38.430  INFO 21924 --- [restartedMain] c.n.discovery.InstanceInfoReplicator     : InstanceInfoReplicator onDemand update allowed rate per min is 4
2022-03-02 15:55:38.436  INFO 21924 --- [restartedMain] com.netflix.discovery.DiscoveryClient    : Discovery Client initialized at timestamp 1646207738436 with initial instances count: 1
2022-03-02 15:55:38.448  INFO 21924 --- [restartedMain] o.s.c.n.e.s.EurekaServiceRegistry        : Registering application AUTH-WS with eureka with status UP
2022-03-02 15:55:38.448  INFO 21924 --- [restartedMain] com.netflix.discovery.DiscoveryClient    : Saw local status change event StatusChangeEvent [timestamp=1646207738448, current=UP, previous=STARTING]
2022-03-02 15:55:38.450  INFO 21924 --- [DiscoveryClient-InstanceInfoReplicator-0] com.netflix.discovery.DiscoveryClient    : DiscoveryClient_AUTH-WS/localhost:auth-ws:9003: registering service...
2022-03-02 15:55:38.451  INFO 21924 --- [restartedMain] o.s.c.s.binder.DefaultBinderFactory      : Creating binder: rabbit
2022-03-02 15:55:38.494  INFO 21924 --- [DiscoveryClient-InstanceInfoReplicator-0] com.netflix.discovery.DiscoveryClient    : DiscoveryClient_AUTH-WS/localhost:auth-ws:9003 - registration status: 204
2022-03-02 15:55:38.545  INFO 21924 --- [restartedMain] o.s.c.s.binder.DefaultBinderFactory      : Caching the binder: rabbit
2022-03-02 15:55:38.545  INFO 21924 --- [restartedMain] o.s.c.s.binder.DefaultBinderFactory      : Retrieving cached binder: rabbit
2022-03-02 15:55:38.641  INFO 21924 --- [restartedMain] c.s.b.r.p.RabbitExchangeQueueProvisioner : declaring queue for inbound: springCloudBus.anonymous.zzKUYluXSbGdeQo_W_VLZg, bound to: springCloudBus
2022-03-02 15:55:38.645  INFO 21924 --- [restartedMain] o.s.a.r.c.CachingConnectionFactory       : Attempting to connect to: [localhost:5672]
2022-03-02 15:55:38.713  INFO 21924 --- [restartedMain] o.s.a.r.c.CachingConnectionFactory       : Created new connection: rabbitConnectionFactory#591521f5:0/SimpleConnection@4cc5e74b [delegate=amqp://guest@127.0.0.1:5672/, localPort= 51720]
2022-03-02 15:55:38.780  INFO 21924 --- [restartedMain] o.s.c.stream.binder.BinderErrorChannel   : Channel 'springCloudBus.anonymous.zzKUYluXSbGdeQo_W_VLZg.errors' has 1 subscriber(s).
2022-03-02 15:55:38.781  INFO 21924 --- [restartedMain] o.s.c.stream.binder.BinderErrorChannel   : Channel 'springCloudBus.anonymous.zzKUYluXSbGdeQo_W_VLZg.errors' has 2 subscriber(s).
2022-03-02 15:55:38.804  INFO 21924 --- [restartedMain] o.s.i.a.i.AmqpInboundChannelAdapter      : started bean 'inbound.springCloudBus.anonymous.zzKUYluXSbGdeQo_W_VLZg'
2022-03-02 15:55:38.827  INFO 21924 --- [restartedMain] o.s.b.w.embedded.tomcat.TomcatWebServer  : Tomcat started on port(s): 9003 (http) with context path ''
2022-03-02 15:55:38.828  INFO 21924 --- [restartedMain] .s.c.n.e.s.EurekaAutoServiceRegistration : Updating port to 9003
2022-03-02 15:55:39.932  INFO 21924 --- [restartedMain] o.s.cloud.commons.util.InetUtils         : Cannot determine local hostname
2022-03-02 15:55:39.951  INFO 21924 --- [restartedMain] com.sean.auth.AuthApplicationKt          : Started AuthApplicationKt in 20.193 seconds (JVM running for 24.824)
2022-03-02 15:57:14.528  INFO 21924 --- [http-nio-9003-exec-1] o.a.c.c.C.[Tomcat].[localhost].[/]       : Initializing Spring DispatcherServlet 'dispatcherServlet'
2022-03-02 15:57:14.529  INFO 21924 --- [http-nio-9003-exec-1] o.s.web.servlet.DispatcherServlet        : Initializing Servlet 'dispatcherServlet'
2022-03-02 15:57:14.531  INFO 21924 --- [http-nio-9003-exec-1] o.s.web.servlet.DispatcherServlet        : Completed initialization in 2 ms
2022-03-02 15:57:14.559  INFO 21924 --- [http-nio-9003-exec-1] c.s.a.c.security.AuthenticationFilter    : happylim99@gmail.com login
2022-03-02 16:00:38.267  INFO 21924 --- [AsyncResolver-bootstrap-executor-0] c.n.d.s.r.aws.ConfigClusterResolver      : Resolving eureka endpoints via configuration
2022-03-02 16:05:38.284  INFO 21924 --- [AsyncResolver-bootstrap-executor-0] c.n.d.s.r.aws.ConfigClusterResolver      : Resolving eureka endpoints via configuration
2022-03-02 16:08:01.302  INFO 21924 --- [SpringApplicationShutdownHook] o.s.c.n.e.s.EurekaServiceRegistry        : Unregistering application AUTH-WS with eureka with status DOWN
2022-03-02 16:08:01.302  INFO 21924 --- [SpringApplicationShutdownHook] com.netflix.discovery.DiscoveryClient    : Saw local status change event StatusChangeEvent [timestamp=1646208481302, current=DOWN, previous=UP]
2022-03-02 16:08:01.302  INFO 21924 --- [DiscoveryClient-InstanceInfoReplicator-0] com.netflix.discovery.DiscoveryClient    : DiscoveryClient_AUTH-WS/localhost:auth-ws:9003: registering service...
2022-03-02 16:08:01.308  INFO 21924 --- [DiscoveryClient-InstanceInfoReplicator-0] com.netflix.discovery.DiscoveryClient    : DiscoveryClient_AUTH-WS/localhost:auth-ws:9003 - registration status: 204
2022-03-02 16:08:01.330  INFO 21924 --- [SpringApplicationShutdownHook] o.s.a.r.l.SimpleMessageListenerContainer : Waiting for workers to finish.
2022-03-02 16:08:01.936  INFO 21924 --- [SpringApplicationShutdownHook] o.s.a.r.l.SimpleMessageListenerContainer : Successfully waited for workers to finish.
2022-03-02 16:08:01.937  INFO 21924 --- [SpringApplicationShutdownHook] o.s.i.a.i.AmqpInboundChannelAdapter      : stopped bean 'inbound.springCloudBus.anonymous.zzKUYluXSbGdeQo_W_VLZg'
2022-03-02 16:08:01.957  INFO 21924 --- [SpringApplicationShutdownHook] o.s.c.stream.binder.BinderErrorChannel   : Channel 'application-1.springCloudBus.anonymous.zzKUYluXSbGdeQo_W_VLZg.errors' has 1 subscriber(s).
2022-03-02 16:08:01.959  INFO 21924 --- [SpringApplicationShutdownHook] o.s.i.endpoint.EventDrivenConsumer       : Removing {logging-channel-adapter:_org.springframework.integration.errorLogger} as a subscriber to the 'errorChannel' channel
2022-03-02 16:08:01.959  INFO 21924 --- [SpringApplicationShutdownHook] o.s.i.channel.PublishSubscribeChannel    : Channel 'application-1.errorChannel' has 0 subscriber(s).
2022-03-02 16:08:01.959  INFO 21924 --- [SpringApplicationShutdownHook] o.s.i.endpoint.EventDrivenConsumer       : stopped bean '_org.springframework.integration.errorLogger'
2022-03-02 16:08:01.980  INFO 21924 --- [SpringApplicationShutdownHook] j.LocalContainerEntityManagerFactoryBean : Closing JPA EntityManagerFactory for persistence unit 'default'
2022-03-02 16:08:01.980  INFO 21924 --- [SpringApplicationShutdownHook] com.zaxxer.hikari.HikariDataSource       : HikariPool-1 - Shutdown initiated...
2022-03-02 16:08:01.994  INFO 21924 --- [SpringApplicationShutdownHook] com.zaxxer.hikari.HikariDataSource       : HikariPool-1 - Shutdown completed.
2022-03-02 16:08:01.996  INFO 21924 --- [SpringApplicationShutdownHook] com.netflix.discovery.DiscoveryClient    : Shutting down DiscoveryClient ...
2022-03-02 16:08:05.005  INFO 21924 --- [SpringApplicationShutdownHook] com.netflix.discovery.DiscoveryClient    : Unregistering ...
2022-03-02 16:08:05.013  INFO 21924 --- [SpringApplicationShutdownHook] com.netflix.discovery.DiscoveryClient    : DiscoveryClient_AUTH-WS/localhost:auth-ws:9003 - deregister  status: 200
2022-03-02 16:08:05.017  INFO 21924 --- [SpringApplicationShutdownHook] com.netflix.discovery.DiscoveryClient    : Completed shut down of DiscoveryClient
